<?xml version="1.0" encoding="UTF-8"?>
<testng-results skipped="0" failed="0" ignored="0" total="2" passed="2">
  <reporter-output>
  </reporter-output>
  <suite name="TestSuite" duration-ms="25504" started-at="2018-07-29T06:20:21Z" finished-at="2018-07-29T06:20:46Z">
    <groups>
    </groups>
    <test name="sanity" duration-ms="25504" started-at="2018-07-29T06:20:21Z" finished-at="2018-07-29T06:20:46Z">
      <class name="first.LoginTest">
        <test-method status="PASS" signature="beforeClass()[pri:0, instance:first.LoginTest@2f7a2457]" name="beforeClass" is-config="true" duration-ms="4031" started-at="2018-07-29T11:50:21Z" finished-at="2018-07-29T11:50:25Z">
          <reporter-output>
          </reporter-output>
        </test-method> <!-- beforeClass -->
        <test-method status="PASS" signature="f()[pri:0, instance:first.LoginTest@2f7a2457]" name="f" duration-ms="20607" started-at="2018-07-29T11:50:25Z" finished-at="2018-07-29T11:50:46Z">
          <reporter-output>
          </reporter-output>
        </test-method> <!-- f -->
        <test-method status="PASS" signature="afterClass()[pri:0, instance:first.LoginTest@2f7a2457]" name="afterClass" is-config="true" duration-ms="841" started-at="2018-07-29T11:50:46Z" finished-at="2018-07-29T11:50:46Z">
          <reporter-output>
          </reporter-output>
        </test-method> <!-- afterClass -->
      </class> <!-- first.LoginTest -->
    </test> <!-- sanity -->
  </suite> <!-- TestSuite -->
  <suite name="TestSuite (0)" duration-ms="14425" started-at="2018-07-29T06:20:47Z" finished-at="2018-07-29T06:21:01Z">
    <groups>
    </groups>
    <test name="sanity" duration-ms="14425" started-at="2018-07-29T06:20:47Z" finished-at="2018-07-29T06:21:01Z">
      <class name="second.GoogleTest">
        <test-method status="PASS" signature="beforeClass()[pri:0, instance:second.GoogleTest@3b81a1bc]" name="beforeClass" is-config="true" duration-ms="2266" started-at="2018-07-29T11:50:47Z" finished-at="2018-07-29T11:50:49Z">
          <reporter-output>
          </reporter-output>
        </test-method> <!-- beforeClass -->
        <test-method status="PASS" signature="f()[pri:0, instance:second.GoogleTest@3b81a1bc]" name="f" duration-ms="11363" started-at="2018-07-29T11:50:49Z" finished-at="2018-07-29T11:51:00Z">
          <reporter-output>
          </reporter-output>
        </test-method> <!-- f -->
        <test-method status="PASS" signature="afterClass()[pri:0, instance:second.GoogleTest@3b81a1bc]" name="afterClass" is-config="true" duration-ms="795" started-at="2018-07-29T11:51:00Z" finished-at="2018-07-29T11:51:01Z">
          <reporter-output>
          </reporter-output>
        </test-method> <!-- afterClass -->
      </class> <!-- second.GoogleTest -->
    </test> <!-- sanity -->
  </suite> <!-- TestSuite (0) -->
</testng-results>
