<?xml version="1.0" encoding="UTF-8"?>
<testng-results skipped="0" failed="0" ignored="0" total="2" passed="2">
  <reporter-output>
  </reporter-output>
  <suite name="TestSuite" duration-ms="48688" started-at="2018-07-28T16:05:06Z" finished-at="2018-07-28T16:05:55Z">
    <groups>
    </groups>
    <test name="sanity" duration-ms="48688" started-at="2018-07-28T16:05:06Z" finished-at="2018-07-28T16:05:55Z">
      <class name="first.LoginTest">
        <test-method status="PASS" signature="beforeClass()[pri:0, instance:first.LoginTest@edf4efb]" name="beforeClass" is-config="true" duration-ms="3538" started-at="2018-07-28T21:35:06Z" finished-at="2018-07-28T21:35:10Z">
          <reporter-output>
          </reporter-output>
        </test-method> <!-- beforeClass -->
        <test-method status="PASS" signature="f()[pri:0, instance:first.LoginTest@edf4efb]" name="f" duration-ms="44287" started-at="2018-07-28T21:35:10Z" finished-at="2018-07-28T21:35:54Z">
          <reporter-output>
          </reporter-output>
        </test-method> <!-- f -->
        <test-method status="PASS" signature="afterClass()[pri:0, instance:first.LoginTest@edf4efb]" name="afterClass" is-config="true" duration-ms="840" started-at="2018-07-28T21:35:54Z" finished-at="2018-07-28T21:35:55Z">
          <reporter-output>
          </reporter-output>
        </test-method> <!-- afterClass -->
      </class> <!-- first.LoginTest -->
    </test> <!-- sanity -->
  </suite> <!-- TestSuite -->
  <suite name="TestSuite (0)" duration-ms="20790" started-at="2018-07-28T16:05:55Z" finished-at="2018-07-28T16:06:16Z">
    <groups>
    </groups>
    <test name="sanity" duration-ms="20790" started-at="2018-07-28T16:05:55Z" finished-at="2018-07-28T16:06:16Z">
      <class name="second.GoogleTest">
        <test-method status="PASS" signature="beforeClass()[pri:0, instance:second.GoogleTest@5f2050f6]" name="beforeClass" is-config="true" duration-ms="2090" started-at="2018-07-28T21:35:55Z" finished-at="2018-07-28T21:35:57Z">
          <reporter-output>
          </reporter-output>
        </test-method> <!-- beforeClass -->
        <test-method status="PASS" signature="f()[pri:0, instance:second.GoogleTest@5f2050f6]" name="f" duration-ms="17856" started-at="2018-07-28T21:35:57Z" finished-at="2018-07-28T21:36:15Z">
          <reporter-output>
          </reporter-output>
        </test-method> <!-- f -->
        <test-method status="PASS" signature="afterClass()[pri:0, instance:second.GoogleTest@5f2050f6]" name="afterClass" is-config="true" duration-ms="841" started-at="2018-07-28T21:36:15Z" finished-at="2018-07-28T21:36:16Z">
          <reporter-output>
          </reporter-output>
        </test-method> <!-- afterClass -->
      </class> <!-- second.GoogleTest -->
    </test> <!-- sanity -->
  </suite> <!-- TestSuite (0) -->
</testng-results>
