<?xml version="1.0" encoding="UTF-8"?>
<testng-results skipped="0" failed="0" ignored="0" total="1" passed="1">
  <reporter-output>
  </reporter-output>
  <suite name="TestSuite" duration-ms="32718" started-at="2018-07-28T07:51:36Z" finished-at="2018-07-28T07:52:09Z">
    <groups>
    </groups>
    <test name="regression" duration-ms="32718" started-at="2018-07-28T07:51:36Z" finished-at="2018-07-28T07:52:09Z">
      <class name="first.LoginTest">
        <test-method status="PASS" signature="beforeClass()[pri:0, instance:first.LoginTest@675d3402]" name="beforeClass" is-config="true" duration-ms="4044" started-at="2018-07-28T13:21:36Z" finished-at="2018-07-28T13:21:40Z">
          <reporter-output>
          </reporter-output>
        </test-method> <!-- beforeClass -->
        <test-method status="PASS" signature="f()[pri:0, instance:first.LoginTest@675d3402]" name="f" duration-ms="27784" started-at="2018-07-28T13:21:40Z" finished-at="2018-07-28T13:22:08Z">
          <reporter-output>
          </reporter-output>
        </test-method> <!-- f -->
        <test-method status="PASS" signature="afterClass()[pri:0, instance:first.LoginTest@675d3402]" name="afterClass" is-config="true" duration-ms="858" started-at="2018-07-28T13:22:08Z" finished-at="2018-07-28T13:22:09Z">
          <reporter-output>
          </reporter-output>
        </test-method> <!-- afterClass -->
      </class> <!-- first.LoginTest -->
    </test> <!-- regression -->
  </suite> <!-- TestSuite -->
</testng-results>
